Info: Starting: Create block symbol file (.bsf)
Info: qsys-generate H:\ensc350\LAB04\qsys_tutorial\lights.qsys --block-symbol-file --output-directory=H:\ensc350\LAB04\qsys_tutorial --family="Cyclone IV E" --part=EP4CE115F29C7
Progress: Loading qsys_tutorial/lights.qsys
Progress: Reading input file
Progress: Adding LEDs [altera_avalon_pio 15.0]
Progress: Parameterizing module LEDs
Progress: Adding clk_0 [clock_source 15.0]
Progress: Parameterizing module clk_0
Progress: Adding jtag_uart_0 [altera_avalon_jtag_uart 15.0]
Progress: Parameterizing module jtag_uart_0
Progress: Adding nios2_qsys_0 [altera_nios2_qsys 15.0]
Progress: Parameterizing module nios2_qsys_0
Progress: Adding onchip_memory2_0 [altera_avalon_onchip_memory2 15.0]
Progress: Parameterizing module onchip_memory2_0
Progress: Adding switches [altera_avalon_pio 15.0]
Progress: Parameterizing module switches
Progress: Building connections
Progress: Parameterizing connections
Progress: Validating
Progress: Done reading input file
Warning: lights.nios2_qsys_0: Nios II Classic cores are now superseded by improved Gen 2 cores.
Info: lights.switches: PIO inputs are not hardwired in test bench. Undefined values will be read from PIO inputs during simulation.
Info: ip-generate succeeded.
Info: Finished: Create block symbol file (.bsf)
Info: 
Info: Starting: Create HDL design files for synthesis
Info: qsys-generate H:\ensc350\LAB04\qsys_tutorial\lights.qsys --synthesis=VHDL --output-directory=H:\ensc350\LAB04\qsys_tutorial\synthesis --family="Cyclone IV E" --part=EP4CE115F29C7
Progress: Loading qsys_tutorial/lights.qsys
Progress: Reading input file
Progress: Adding LEDs [altera_avalon_pio 15.0]
Progress: Parameterizing module LEDs
Progress: Adding clk_0 [clock_source 15.0]
Progress: Parameterizing module clk_0
Progress: Adding jtag_uart_0 [altera_avalon_jtag_uart 15.0]
Progress: Parameterizing module jtag_uart_0
Progress: Adding nios2_qsys_0 [altera_nios2_qsys 15.0]
Progress: Parameterizing module nios2_qsys_0
Progress: Adding onchip_memory2_0 [altera_avalon_onchip_memory2 15.0]
Progress: Parameterizing module onchip_memory2_0
Progress: Adding switches [altera_avalon_pio 15.0]
Progress: Parameterizing module switches
Progress: Building connections
Progress: Parameterizing connections
Progress: Validating
Progress: Done reading input file
Warning: lights.nios2_qsys_0: Nios II Classic cores are now superseded by improved Gen 2 cores.
Info: lights.switches: PIO inputs are not hardwired in test bench. Undefined values will be read from PIO inputs during simulation.
Info: lights: Generating lights "lights" for QUARTUS_SYNTH
Info: LEDs: Starting RTL generation for module 'lights_LEDs'
Info: LEDs:   Generation command is [exec C:/altera/15.0/quartus/bin64/perl/bin/perl.exe -I C:/altera/15.0/quartus/bin64/perl/lib -I C:/altera/15.0/quartus/sopc_builder/bin/europa -I C:/altera/15.0/quartus/sopc_builder/bin/perl_lib -I C:/altera/15.0/quartus/sopc_builder/bin -I C:/altera/15.0/quartus/../ip/altera/sopc_builder_ip/common -I C:/altera/15.0/quartus/../ip/altera/sopc_builder_ip/altera_avalon_pio -- C:/altera/15.0/quartus/../ip/altera/sopc_builder_ip/altera_avalon_pio/generate_rtl.pl --name=lights_LEDs --dir=C:/Users/aomirbek/AppData/Local/Temp/alt7979_7013415545279878067.dir/0070_LEDs_gen/ --quartus_dir=C:/altera/15.0/quartus --verilog --config=C:/Users/aomirbek/AppData/Local/Temp/alt7979_7013415545279878067.dir/0070_LEDs_gen//lights_LEDs_component_configuration.pl  --do_build_sim=0  ]
Info: LEDs: Done RTL generation for module 'lights_LEDs'
Info: LEDs: "lights" instantiated altera_avalon_pio "LEDs"
Info: jtag_uart_0: Starting RTL generation for module 'lights_jtag_uart_0'
Info: jtag_uart_0:   Generation command is [exec C:/altera/15.0/quartus/bin64/perl/bin/perl.exe -I C:/altera/15.0/quartus/bin64/perl/lib -I C:/altera/15.0/quartus/sopc_builder/bin/europa -I C:/altera/15.0/quartus/sopc_builder/bin/perl_lib -I C:/altera/15.0/quartus/sopc_builder/bin -I C:/altera/15.0/quartus/../ip/altera/sopc_builder_ip/common -I C:/altera/15.0/quartus/../ip/altera/sopc_builder_ip/altera_avalon_jtag_uart -- C:/altera/15.0/quartus/../ip/altera/sopc_builder_ip/altera_avalon_jtag_uart/generate_rtl.pl --name=lights_jtag_uart_0 --dir=C:/Users/aomirbek/AppData/Local/Temp/alt7979_7013415545279878067.dir/0071_jtag_uart_0_gen/ --quartus_dir=C:/altera/15.0/quartus --verilog --config=C:/Users/aomirbek/AppData/Local/Temp/alt7979_7013415545279878067.dir/0071_jtag_uart_0_gen//lights_jtag_uart_0_component_configuration.pl  --do_build_sim=0  ]
Info: jtag_uart_0: Done RTL generation for module 'lights_jtag_uart_0'
Info: jtag_uart_0: "lights" instantiated altera_avalon_jtag_uart "jtag_uart_0"
Info: nios2_qsys_0: Starting RTL generation for module 'lights_nios2_qsys_0'
Info: nios2_qsys_0:   Generation command is [exec C:/altera/15.0/quartus/bin64/eperlcmd.exe -I C:/altera/15.0/quartus/bin64/perl/lib -I C:/altera/15.0/quartus/sopc_builder/bin/europa -I C:/altera/15.0/quartus/sopc_builder/bin/perl_lib -I C:/altera/15.0/quartus/sopc_builder/bin -I C:/altera/15.0/quartus/../ip/altera/nios2_ip/altera_nios2/cpu_lib -I C:/altera/15.0/quartus/../ip/altera/nios2_ip/altera_nios2/nios_lib -I C:/altera/15.0/quartus/../ip/altera/nios2_ip/altera_nios2 -I C:/altera/15.0/quartus/../ip/altera/nios2_ip/altera_nios2 -- C:/altera/15.0/quartus/../ip/altera/nios2_ip/altera_nios2/generate_rtl.epl --name=lights_nios2_qsys_0 --dir=C:/Users/aomirbek/AppData/Local/Temp/alt7979_7013415545279878067.dir/0072_nios2_qsys_0_gen/ --quartus_bindir=C:/altera/15.0/quartus/bin64 --verilog --config=C:/Users/aomirbek/AppData/Local/Temp/alt7979_7013415545279878067.dir/0072_nios2_qsys_0_gen//lights_nios2_qsys_0_processor_configuration.pl  --do_build_sim=0  ]
Info: nios2_qsys_0: # 2019.03.24 11:06:51 (*) Starting Nios II generation
Info: nios2_qsys_0: # 2019.03.24 11:06:51 (*)   Checking for plaintext license.
Info: nios2_qsys_0: # 2019.03.24 11:06:53 (*)   Couldn't query license setup in Quartus directory C:/altera/15.0/quartus/bin64
Info: nios2_qsys_0: # 2019.03.24 11:06:53 (*)   Defaulting to contents of LM_LICENSE_FILE environment variable
Info: nios2_qsys_0: # 2019.03.24 11:06:53 (*)   Plaintext license not found.
Info: nios2_qsys_0: # 2019.03.24 11:06:53 (*)   No license required to generate encrypted Nios II/e.
Info: nios2_qsys_0: # 2019.03.24 11:06:53 (*)   Elaborating CPU configuration settings
Info: nios2_qsys_0: # 2019.03.24 11:06:53 (*)   Creating all objects for CPU
Info: nios2_qsys_0: # 2019.03.24 11:06:54 (*)   Generating RTL from CPU objects
Info: nios2_qsys_0: # 2019.03.24 11:06:54 (*)   Creating plain-text RTL
Info: nios2_qsys_0: # 2019.03.24 11:06:56 (*) Done Nios II generation
Info: nios2_qsys_0: Done RTL generation for module 'lights_nios2_qsys_0'
Info: nios2_qsys_0: "lights" instantiated altera_nios2_qsys "nios2_qsys_0"
Info: onchip_memory2_0: Starting RTL generation for module 'lights_onchip_memory2_0'
Info: onchip_memory2_0:   Generation command is [exec C:/altera/15.0/quartus/bin64/perl/bin/perl.exe -I C:/altera/15.0/quartus/bin64/perl/lib -I C:/altera/15.0/quartus/sopc_builder/bin/europa -I C:/altera/15.0/quartus/sopc_builder/bin/perl_lib -I C:/altera/15.0/quartus/sopc_builder/bin -I C:/altera/15.0/quartus/../ip/altera/sopc_builder_ip/common -I C:/altera/15.0/quartus/../ip/altera/sopc_builder_ip/altera_avalon_onchip_memory2 -- C:/altera/15.0/quartus/../ip/altera/sopc_builder_ip/altera_avalon_onchip_memory2/generate_rtl.pl --name=lights_onchip_memory2_0 --dir=C:/Users/aomirbek/AppData/Local/Temp/alt7979_7013415545279878067.dir/0073_onchip_memory2_0_gen/ --quartus_dir=C:/altera/15.0/quartus --verilog --config=C:/Users/aomirbek/AppData/Local/Temp/alt7979_7013415545279878067.dir/0073_onchip_memory2_0_gen//lights_onchip_memory2_0_component_configuration.pl  --do_build_sim=0  ]
Info: onchip_memory2_0: Done RTL generation for module 'lights_onchip_memory2_0'
Info: onchip_memory2_0: "lights" instantiated altera_avalon_onchip_memory2 "onchip_memory2_0"
Info: switches: Starting RTL generation for module 'lights_switches'
Info: switches:   Generation command is [exec C:/altera/15.0/quartus/bin64/perl/bin/perl.exe -I C:/altera/15.0/quartus/bin64/perl/lib -I C:/altera/15.0/quartus/sopc_builder/bin/europa -I C:/altera/15.0/quartus/sopc_builder/bin/perl_lib -I C:/altera/15.0/quartus/sopc_builder/bin -I C:/altera/15.0/quartus/../ip/altera/sopc_builder_ip/common -I C:/altera/15.0/quartus/../ip/altera/sopc_builder_ip/altera_avalon_pio -- C:/altera/15.0/quartus/../ip/altera/sopc_builder_ip/altera_avalon_pio/generate_rtl.pl --name=lights_switches --dir=C:/Users/aomirbek/AppData/Local/Temp/alt7979_7013415545279878067.dir/0074_switches_gen/ --quartus_dir=C:/altera/15.0/quartus --verilog --config=C:/Users/aomirbek/AppData/Local/Temp/alt7979_7013415545279878067.dir/0074_switches_gen//lights_switches_component_configuration.pl  --do_build_sim=0  ]
Info: switches: Done RTL generation for module 'lights_switches'
Info: switches: "lights" instantiated altera_avalon_pio "switches"
Info: avalon_st_adapter: Inserting error_adapter: error_adapter_0
Info: avalon_st_adapter_001: Inserting error_adapter: error_adapter_0
Info: avalon_st_adapter_002: Inserting error_adapter: error_adapter_0
Info: avalon_st_adapter_003: Inserting error_adapter: error_adapter_0
Info: avalon_st_adapter_004: Inserting error_adapter: error_adapter_0
Info: mm_interconnect_0: "lights" instantiated altera_mm_interconnect "mm_interconnect_0"
Info: irq_mapper: "lights" instantiated altera_irq_mapper "irq_mapper"
Info: rst_controller: "lights" instantiated altera_reset_controller "rst_controller"
Info: nios2_qsys_0_data_master_translator: "mm_interconnect_0" instantiated altera_merlin_master_translator "nios2_qsys_0_data_master_translator"
Info: jtag_uart_0_avalon_jtag_slave_translator: "mm_interconnect_0" instantiated altera_merlin_slave_translator "jtag_uart_0_avalon_jtag_slave_translator"
Info: nios2_qsys_0_data_master_agent: "mm_interconnect_0" instantiated altera_merlin_master_agent "nios2_qsys_0_data_master_agent"
Info: jtag_uart_0_avalon_jtag_slave_agent: "mm_interconnect_0" instantiated altera_merlin_slave_agent "jtag_uart_0_avalon_jtag_slave_agent"
Info: jtag_uart_0_avalon_jtag_slave_agent_rsp_fifo: "mm_interconnect_0" instantiated altera_avalon_sc_fifo "jtag_uart_0_avalon_jtag_slave_agent_rsp_fifo"
Info: router: "mm_interconnect_0" instantiated altera_merlin_router "router"
Info: router_001: "mm_interconnect_0" instantiated altera_merlin_router "router_001"
Info: router_002: "mm_interconnect_0" instantiated altera_merlin_router "router_002"
Info: router_003: "mm_interconnect_0" instantiated altera_merlin_router "router_003"
Info: cmd_demux: "mm_interconnect_0" instantiated altera_merlin_demultiplexer "cmd_demux"
Info: cmd_demux_001: "mm_interconnect_0" instantiated altera_merlin_demultiplexer "cmd_demux_001"
Info: cmd_mux: "mm_interconnect_0" instantiated altera_merlin_multiplexer "cmd_mux"
Info: cmd_mux_001: "mm_interconnect_0" instantiated altera_merlin_multiplexer "cmd_mux_001"
Info: Reusing file H:/ensc350/LAB04/qsys_tutorial/synthesis/submodules/altera_merlin_arbitrator.sv
Info: rsp_demux: "mm_interconnect_0" instantiated altera_merlin_demultiplexer "rsp_demux"
Info: rsp_mux: "mm_interconnect_0" instantiated altera_merlin_multiplexer "rsp_mux"
Info: Reusing file H:/ensc350/LAB04/qsys_tutorial/synthesis/submodules/altera_merlin_arbitrator.sv
Info: rsp_mux_001: "mm_interconnect_0" instantiated altera_merlin_multiplexer "rsp_mux_001"
Info: Reusing file H:/ensc350/LAB04/qsys_tutorial/synthesis/submodules/altera_merlin_arbitrator.sv
Info: avalon_st_adapter: "mm_interconnect_0" instantiated altera_avalon_st_adapter "avalon_st_adapter"
Info: error_adapter_0: "avalon_st_adapter" instantiated error_adapter "error_adapter_0"
Info: lights: Done "lights" with 27 modules, 43 files
Info: ip-generate succeeded.
Info: Finished: Create HDL design files for synthesis
